This is pdfTeX, Version 3.14159265-2.6-1.40.15 (TeX Live 2015/dev/Debian) (preloaded format=pdflatex 2015.10.30)  29 APR 2016 18:06
entering extended mode
 restricted \write18 enabled.
 %&-line parsing enabled.
**masterarbeit.tex
(./masterarbeit.tex
LaTeX2e <2014/05/01>
Babel <3.9l> and hyphenation patterns for 79 languages loaded.
(/usr/share/texlive/texmf-dist/tex/latex/koma-script/scrbook.cls
Document Class: scrbook 2013/12/19 v3.12 KOMA-Script document class (book)
(/usr/share/texlive/texmf-dist/tex/latex/koma-script/scrkbase.sty
Package: scrkbase 2013/12/19 v3.12 KOMA-Script package (KOMA-Script-dependent b
asics and keyval usage)

(/usr/share/texlive/texmf-dist/tex/latex/koma-script/scrbase.sty
Package: scrbase 2013/12/19 v3.12 KOMA-Script package (KOMA-Script-independent 
basics and keyval usage)

(/usr/share/texlive/texmf-dist/tex/latex/graphics/keyval.sty
Package: keyval 2014/05/08 v1.15 key=value parser (DPC)
\KV@toks@=\toks14
)
(/usr/share/texlive/texmf-dist/tex/latex/koma-script/scrlfile.sty
Package: scrlfile 2013/12/19 v3.12 KOMA-Script package (loading files)

Package scrlfile, 2013/12/19 v3.12 KOMA-Script package (loading files)
                  Copyright (C) Markus Kohm

))) (/usr/share/texlive/texmf-dist/tex/latex/koma-script/tocbasic.sty
Package: tocbasic 2013/12/19 v3.12 KOMA-Script package (handling toc-files)
)
Package tocbasic Info: omitting babel extension for `toc'
(tocbasic)             because of feature `nobabel' available
(tocbasic)             for `toc' on input line 117.
Package tocbasic Info: omitting babel extension for `lof'
(tocbasic)             because of feature `nobabel' available
(tocbasic)             for `lof' on input line 118.
Package tocbasic Info: omitting babel extension for `lot'
(tocbasic)             because of feature `nobabel' available
(tocbasic)             for `lot' on input line 119.
Package tocbasic Info: defining new hook before heading of `' on input line 111
8.
Class scrbook Info: You've used standard option `oneside'.
(scrbook)           This is correct!
(scrbook)           Internally I'm using `twoside=false'.
(scrbook)           If you'd like to set the option with \KOMAoptions,
(scrbook)           you'd have to use `twoside=false' there
(scrbook)           instead of `oneside', too.
Package scrbase Info: Unknown processing state.
(scrbase)             Processing option `twoside=false'
(scrbase)             of member `.scrbook.cls'
(scrbase)             of family `KOMA'
(scrbase)             doesn't set a valid state.
(scrbase)             This will be interpreted
(scrbase)             as \FamilyKeyStateProcessed on input line 1269.


Class scrbook Warning: You've used obsolete option `bibtotoc'.
(scrbook)              Usage of this option indicates an old document and
(scrbook)              is deprecated.
(scrbook)              You should simply replace
(scrbook)              usage of option `bibtotoc' by `bibliography=totoc'.

Class scrbook Info: Switching compatibility level to `first'.

Class scrbook Warning: You've used obsolete option `idxtotoc'.
(scrbook)              Usage of this option indicates an old document and
(scrbook)              is deprecated.
(scrbook)              You should simply replace
(scrbook)              usage of option `idxtotoc' by `index=totoc'.

Class scrbook Info: Switching compatibility level to `first'.
(/usr/share/texlive/texmf-dist/tex/latex/base/fleqn.clo
File: fleqn.clo 1998/08/17 v1.1c Standard LaTeX option (flush left equations)
\mathindent=\dimen102
)
Class scrbook Info: You've used standard option `openbib'.
(scrbook)           This is correct!
(scrbook)           Internally I'm using `bibliography=openstyle'.
(scrbook)           If you'd like to set the option with \KOMAoptions,
(scrbook)           you'd have to use `bibliography=openstyle' there
(scrbook)           instead of `openbib', too.
Class scrbook Info: File `scrsize11pt.clo' used instead of
(scrbook)           file `scrsize11.clo' to setup font sizes on input line 1655
.

(/usr/share/texlive/texmf-dist/tex/latex/koma-script/scrsize11pt.clo
File: scrsize11pt.clo 2013/12/19 v3.12 KOMA-Script font size class option (11pt
)
)
(/usr/share/texlive/texmf-dist/tex/latex/koma-script/typearea.sty
Package: typearea 2013/12/19 v3.12 KOMA-Script package (type area)

Package typearea, 2013/12/19 v3.12 KOMA-Script package (type area)
                  Copyright (C) Frank Neukam, 1992-1994
                  Copyright (C) Markus Kohm, 1994-

\ta@bcor=\skip41
\ta@div=\count79
Package typearea Info: You've used standard option `a4paper'.
(typearea)             This is correct!
(typearea)             Internally I'm using `paper=a4'.
(typearea)             If you'd like to set the option with \KOMAoptions,
(typearea)             you'd have to use `paper=a4' there
(typearea)             instead of `a4paper', too.
Package typearea Info: You've used standard option `oneside'.
(typearea)             This is correct!
(typearea)             Internally I'm using `twoside=false'.
(typearea)             If you'd like to set the option with \KOMAoptions,
(typearea)             you'd have to use `twoside=false' there
(typearea)             instead of `oneside', too.
\ta@hblk=\skip42
\ta@vblk=\skip43
\ta@temp=\skip44
\footheight=\skip45
Package typearea Info: These are the values describing the layout:
(typearea)             DIV  = 10
(typearea)             BCOR = 28.45274pt
(typearea)             \paperwidth      = 597.50793pt
(typearea)              \textwidth      = 398.33864pt
(typearea)              DIV departure   = -1%
(typearea)              \evensidemargin = 41.54103pt
(typearea)              \oddsidemargin  = 41.54103pt
(typearea)             \paperheight     = 845.04694pt
(typearea)              \textheight     = 514.20023pt
(typearea)              \topmargin      = 12.2347pt
(typearea)              \headheight     = 17.0pt
(typearea)              \headsep        = 20.40001pt
(typearea)              \topskip        = 11.0pt
(typearea)              \footskip       = 47.6pt
(typearea)              \baselineskip   = 13.6pt
(typearea)              on input line 1330.
)
\c@part=\count80
\c@chapter=\count81
\c@section=\count82
\c@subsection=\count83
\c@subsubsection=\count84
\c@paragraph=\count85
\c@subparagraph=\count86
\abovecaptionskip=\skip46
\belowcaptionskip=\skip47
\c@pti@nb@sid@b@x=\box26
\c@figure=\count87
\c@table=\count88
\bibindent=\dimen103
) (/usr/share/texlive/texmf-dist/tex/latex/koma-script/scrpage2.sty
Package: scrpage2 2013/12/19 v3.12 KOMA-Script package (page head and foot)
LaTeX Info: Redefining \pagemark on input line 174.
)
(/usr/share/texlive/texmf-dist/tex/generic/babel/babel.sty
Package: babel 2014/09/25 3.9l The Babel package

(/usr/share/texlive/texmf-dist/tex/generic/babel-german/ngerman.ldf
Language: ngerman 2013/12/13 v2.7 German support for babel (new orthography)

(/usr/share/texlive/texmf-dist/tex/generic/babel-german/ngermanb.ldf
Language: ngermanb 2013/12/13 v2.7 German support for babel (new orthography)

(/usr/share/texlive/texmf-dist/tex/generic/babel/babel.def
File: babel.def 2014/09/25 3.9l Babel common definitions
\babel@savecnt=\count89
\U@D=\dimen104
)
\l@naustrian = a dialect from \language\l@ngerman 
\l@nswissgerman = a dialect from \language\l@ngerman 
Package babel Info: Making " an active character on input line 88.
))
(/usr/share/texlive/texmf-dist/tex/generic/babel-english/english.ldf
Language: english 2012/08/20 v3.3p English support from the babel system
\l@canadian = a dialect from \language\l@american 
\l@australian = a dialect from \language\l@british 
\l@newzealand = a dialect from \language\l@british 
))
(/usr/share/texlive/texmf-dist/tex/latex/base/inputenc.sty
Package: inputenc 2014/04/30 v1.2b Input encoding file
\inpenc@prehook=\toks15
\inpenc@posthook=\toks16

(/usr/share/texlive/texmf-dist/tex/latex/base/utf8.def
File: utf8.def 2014/09/29 v1.1m UTF-8 support for inputenc
Now handling font encoding OML ...
... no UTF-8 mapping file for font encoding OML
Now handling font encoding T1 ...
... processing UTF-8 mapping file for font encoding T1

(/usr/share/texlive/texmf-dist/tex/latex/base/t1enc.dfu
File: t1enc.dfu 2014/09/29 v1.1m UTF-8 support for inputenc
   defining Unicode char U+00A1 (decimal 161)
   defining Unicode char U+00A3 (decimal 163)
   defining Unicode char U+00AB (decimal 171)
   defining Unicode char U+00BB (decimal 187)
   defining Unicode char U+00BF (decimal 191)
   defining Unicode char U+00C0 (decimal 192)
   defining Unicode char U+00C1 (decimal 193)
   defining Unicode char U+00C2 (decimal 194)
   defining Unicode char U+00C3 (decimal 195)
   defining Unicode char U+00C4 (decimal 196)
   defining Unicode char U+00C5 (decimal 197)
   defining Unicode char U+00C6 (decimal 198)
   defining Unicode char U+00C7 (decimal 199)
   defining Unicode char U+00C8 (decimal 200)
   defining Unicode char U+00C9 (decimal 201)
   defining Unicode char U+00CA (decimal 202)
   defining Unicode char U+00CB (decimal 203)
   defining Unicode char U+00CC (decimal 204)
   defining Unicode char U+00CD (decimal 205)
   defining Unicode char U+00CE (decimal 206)
   defining Unicode char U+00CF (decimal 207)
   defining Unicode char U+00D0 (decimal 208)
   defining Unicode char U+00D1 (decimal 209)
   defining Unicode char U+00D2 (decimal 210)
   defining Unicode char U+00D3 (decimal 211)
   defining Unicode char U+00D4 (decimal 212)
   defining Unicode char U+00D5 (decimal 213)
   defining Unicode char U+00D6 (decimal 214)
   defining Unicode char U+00D8 (decimal 216)
   defining Unicode char U+00D9 (decimal 217)
   defining Unicode char U+00DA (decimal 218)
   defining Unicode char U+00DB (decimal 219)
   defining Unicode char U+00DC (decimal 220)
   defining Unicode char U+00DD (decimal 221)
   defining Unicode char U+00DE (decimal 222)
   defining Unicode char U+00DF (decimal 223)
   defining Unicode char U+00E0 (decimal 224)
   defining Unicode char U+00E1 (decimal 225)
   defining Unicode char U+00E2 (decimal 226)
   defining Unicode char U+00E3 (decimal 227)
   defining Unicode char U+00E4 (decimal 228)
   defining Unicode char U+00E5 (decimal 229)
   defining Unicode char U+00E6 (decimal 230)
   defining Unicode char U+00E7 (decimal 231)
   defining Unicode char U+00E8 (decimal 232)
   defining Unicode char U+00E9 (decimal 233)
   defining Unicode char U+00EA (decimal 234)
   defining Unicode char U+00EB (decimal 235)
   defining Unicode char U+00EC (decimal 236)
   defining Unicode char U+00ED (decimal 237)
   defining Unicode char U+00EE (decimal 238)
   defining Unicode char U+00EF (decimal 239)
   defining Unicode char U+00F0 (decimal 240)
   defining Unicode char U+00F1 (decimal 241)
   defining Unicode char U+00F2 (decimal 242)
   defining Unicode char U+00F3 (decimal 243)
   defining Unicode char U+00F4 (decimal 244)
   defining Unicode char U+00F5 (decimal 245)
   defining Unicode char U+00F6 (decimal 246)
   defining Unicode char U+00F8 (decimal 248)
   defining Unicode char U+00F9 (decimal 249)
   defining Unicode char U+00FA (decimal 250)
   defining Unicode char U+00FB (decimal 251)
   defining Unicode char U+00FC (decimal 252)
   defining Unicode char U+00FD (decimal 253)
   defining Unicode char U+00FE (decimal 254)
   defining Unicode char U+00FF (decimal 255)
   defining Unicode char U+0102 (decimal 258)
   defining Unicode char U+0103 (decimal 259)
   defining Unicode char U+0104 (decimal 260)
   defining Unicode char U+0105 (decimal 261)
   defining Unicode char U+0106 (decimal 262)
   defining Unicode char U+0107 (decimal 263)
   defining Unicode char U+010C (decimal 268)
   defining Unicode char U+010D (decimal 269)
   defining Unicode char U+010E (decimal 270)
   defining Unicode char U+010F (decimal 271)
   defining Unicode char U+0110 (decimal 272)
   defining Unicode char U+0111 (decimal 273)
   defining Unicode char U+0118 (decimal 280)
   defining Unicode char U+0119 (decimal 281)
   defining Unicode char U+011A (decimal 282)
   defining Unicode char U+011B (decimal 283)
   defining Unicode char U+011E (decimal 286)
   defining Unicode char U+011F (decimal 287)
   defining Unicode char U+0130 (decimal 304)
   defining Unicode char U+0131 (decimal 305)
   defining Unicode char U+0132 (decimal 306)
   defining Unicode char U+0133 (decimal 307)
   defining Unicode char U+0139 (decimal 313)
   defining Unicode char U+013A (decimal 314)
   defining Unicode char U+013D (decimal 317)
   defining Unicode char U+013E (decimal 318)
   defining Unicode char U+0141 (decimal 321)
   defining Unicode char U+0142 (decimal 322)
   defining Unicode char U+0143 (decimal 323)
   defining Unicode char U+0144 (decimal 324)
   defining Unicode char U+0147 (decimal 327)
   defining Unicode char U+0148 (decimal 328)
   defining Unicode char U+014A (decimal 330)
   defining Unicode char U+014B (decimal 331)
   defining Unicode char U+0150 (decimal 336)
   defining Unicode char U+0151 (decimal 337)
   defining Unicode char U+0152 (decimal 338)
   defining Unicode char U+0153 (decimal 339)
   defining Unicode char U+0154 (decimal 340)
   defining Unicode char U+0155 (decimal 341)
   defining Unicode char U+0158 (decimal 344)
   defining Unicode char U+0159 (decimal 345)
   defining Unicode char U+015A (decimal 346)
   defining Unicode char U+015B (decimal 347)
   defining Unicode char U+015E (decimal 350)
   defining Unicode char U+015F (decimal 351)
   defining Unicode char U+0160 (decimal 352)
   defining Unicode char U+0161 (decimal 353)
   defining Unicode char U+0162 (decimal 354)
   defining Unicode char U+0163 (decimal 355)
   defining Unicode char U+0164 (decimal 356)
   defining Unicode char U+0165 (decimal 357)
   defining Unicode char U+016E (decimal 366)
   defining Unicode char U+016F (decimal 367)
   defining Unicode char U+0170 (decimal 368)
   defining Unicode char U+0171 (decimal 369)
   defining Unicode char U+0178 (decimal 376)
   defining Unicode char U+0179 (decimal 377)
   defining Unicode char U+017A (decimal 378)
   defining Unicode char U+017B (decimal 379)
   defining Unicode char U+017C (decimal 380)
   defining Unicode char U+017D (decimal 381)
   defining Unicode char U+017E (decimal 382)
   defining Unicode char U+200C (decimal 8204)
   defining Unicode char U+2013 (decimal 8211)
   defining Unicode char U+2014 (decimal 8212)
   defining Unicode char U+2018 (decimal 8216)
   defining Unicode char U+2019 (decimal 8217)
   defining Unicode char U+201A (decimal 8218)
   defining Unicode char U+201C (decimal 8220)
   defining Unicode char U+201D (decimal 8221)
   defining Unicode char U+201E (decimal 8222)
   defining Unicode char U+2030 (decimal 8240)
   defining Unicode char U+2031 (decimal 8241)
   defining Unicode char U+2039 (decimal 8249)
   defining Unicode char U+203A (decimal 8250)
   defining Unicode char U+2423 (decimal 9251)
)
Now handling font encoding OT1 ...
... processing UTF-8 mapping file for font encoding OT1

(/usr/share/texlive/texmf-dist/tex/latex/base/ot1enc.dfu
File: ot1enc.dfu 2014/09/29 v1.1m UTF-8 support for inputenc
   defining Unicode char U+00A1 (decimal 161)
   defining Unicode char U+00A3 (decimal 163)
   defining Unicode char U+00B8 (decimal 184)
   defining Unicode char U+00BF (decimal 191)
   defining Unicode char U+00C5 (decimal 197)
   defining Unicode char U+00C6 (decimal 198)
   defining Unicode char U+00D8 (decimal 216)
   defining Unicode char U+00DF (decimal 223)
   defining Unicode char U+00E6 (decimal 230)
   defining Unicode char U+00EC (decimal 236)
   defining Unicode char U+00ED (decimal 237)
   defining Unicode char U+00EE (decimal 238)
   defining Unicode char U+00EF (decimal 239)
   defining Unicode char U+00F8 (decimal 248)
   defining Unicode char U+0131 (decimal 305)
   defining Unicode char U+0141 (decimal 321)
   defining Unicode char U+0142 (decimal 322)
   defining Unicode char U+0152 (decimal 338)
   defining Unicode char U+0153 (decimal 339)
   defining Unicode char U+2013 (decimal 8211)
   defining Unicode char U+2014 (decimal 8212)
   defining Unicode char U+2018 (decimal 8216)
   defining Unicode char U+2019 (decimal 8217)
   defining Unicode char U+201C (decimal 8220)
   defining Unicode char U+201D (decimal 8221)
)
Now handling font encoding OMS ...
... processing UTF-8 mapping file for font encoding OMS

(/usr/share/texlive/texmf-dist/tex/latex/base/omsenc.dfu
File: omsenc.dfu 2014/09/29 v1.1m UTF-8 support for inputenc
   defining Unicode char U+00A7 (decimal 167)
   defining Unicode char U+00B6 (decimal 182)
   defining Unicode char U+00B7 (decimal 183)
   defining Unicode char U+2020 (decimal 8224)
   defining Unicode char U+2021 (decimal 8225)
   defining Unicode char U+2022 (decimal 8226)
)
Now handling font encoding OMX ...
... no UTF-8 mapping file for font encoding OMX
Now handling font encoding U ...
... no UTF-8 mapping file for font encoding U
   defining Unicode char U+00A9 (decimal 169)
   defining Unicode char U+00AA (decimal 170)
   defining Unicode char U+00AE (decimal 174)
   defining Unicode char U+00BA (decimal 186)
   defining Unicode char U+02C6 (decimal 710)
   defining Unicode char U+02DC (decimal 732)
   defining Unicode char U+200C (decimal 8204)
   defining Unicode char U+2026 (decimal 8230)
   defining Unicode char U+2122 (decimal 8482)
   defining Unicode char U+2423 (decimal 9251)
))
(/usr/share/texlive/texmf-dist/tex/latex/amsmath/amsmath.sty
Package: amsmath 2013/01/14 v2.14 AMS math features
\@mathmargin=\skip48

For additional information on amsmath, use the `?' option.
(/usr/share/texlive/texmf-dist/tex/latex/amsmath/amstext.sty
Package: amstext 2000/06/29 v2.01

(/usr/share/texlive/texmf-dist/tex/latex/amsmath/amsgen.sty
File: amsgen.sty 1999/11/30 v2.0
\@emptytoks=\toks17
\ex@=\dimen105
))
(/usr/share/texlive/texmf-dist/tex/latex/amsmath/amsbsy.sty
Package: amsbsy 1999/11/29 v1.2d
\pmbraise@=\dimen106
)
(/usr/share/texlive/texmf-dist/tex/latex/amsmath/amsopn.sty
Package: amsopn 1999/12/14 v2.01 operator names
)
\inf@bad=\count90
LaTeX Info: Redefining \frac on input line 210.
\uproot@=\count91
\leftroot@=\count92
LaTeX Info: Redefining \overline on input line 306.
\classnum@=\count93
\DOTSCASE@=\count94
LaTeX Info: Redefining \ldots on input line 378.
LaTeX Info: Redefining \dots on input line 381.
LaTeX Info: Redefining \cdots on input line 466.
\Mathstrutbox@=\box27
\strutbox@=\box28
\big@size=\dimen107
LaTeX Font Info:    Redeclaring font encoding OML on input line 566.
LaTeX Font Info:    Redeclaring font encoding OMS on input line 567.
\macc@depth=\count95
\c@MaxMatrixCols=\count96
\dotsspace@=\muskip10
\c@parentequation=\count97
\dspbrk@lvl=\count98
\tag@help=\toks18
\row@=\count99
\column@=\count100
\maxfields@=\count101
\andhelp@=\toks19
\eqnshift@=\dimen108
\alignsep@=\dimen109
\tagshift@=\dimen110
\tagwidth@=\dimen111
\totwidth@=\dimen112
\lineht@=\dimen113
\@envbody=\toks20
\multlinegap=\skip49
\multlinetaggap=\skip50
\mathdisplay@stack=\toks21
LaTeX Info: Redefining \[ on input line 2665.
LaTeX Info: Redefining \] on input line 2666.
)
(/usr/share/texlive/texmf-dist/tex/latex/amsfonts/amsfonts.sty
Package: amsfonts 2013/01/14 v3.01 Basic AMSFonts support
\symAMSa=\mathgroup4
\symAMSb=\mathgroup5
LaTeX Font Info:    Overwriting math alphabet `\mathfrak' in version `bold'
(Font)                  U/euf/m/n --> U/euf/b/n on input line 106.
)
(/usr/share/texlive/texmf-dist/tex/latex/amsfonts/amssymb.sty
Package: amssymb 2013/01/14 v3.01 AMS font symbols
)
(/usr/share/texlive/texmf-dist/tex/latex/graphics/graphicx.sty
Package: graphicx 2014/04/25 v1.0g Enhanced LaTeX Graphics (DPC,SPQR)

(/usr/share/texlive/texmf-dist/tex/latex/graphics/graphics.sty
Package: graphics 2009/02/05 v1.0o Standard LaTeX Graphics (DPC,SPQR)

(/usr/share/texlive/texmf-dist/tex/latex/graphics/trig.sty
Package: trig 1999/03/16 v1.09 sin cos tan (DPC)
)
(/usr/share/texlive/texmf-dist/tex/latex/latexconfig/graphics.cfg
File: graphics.cfg 2010/04/23 v1.9 graphics configuration of TeX Live
)
Package graphics Info: Driver file: pdftex.def on input line 91.

(/usr/share/texlive/texmf-dist/tex/latex/pdftex-def/pdftex.def
File: pdftex.def 2011/05/27 v0.06d Graphics/color for pdfTeX

(/usr/share/texlive/texmf-dist/tex/generic/oberdiek/infwarerr.sty
Package: infwarerr 2010/04/08 v1.3 Providing info/warning/error messages (HO)
)
(/usr/share/texlive/texmf-dist/tex/generic/oberdiek/ltxcmds.sty
Package: ltxcmds 2011/11/09 v1.22 LaTeX kernel commands for general use (HO)
)
\Gread@gobject=\count102
))
\Gin@req@height=\dimen114
\Gin@req@width=\dimen115
)
(/usr/share/texlive/texmf-dist/tex/latex/lastpage/lastpage.sty
Package: lastpage 2013/01/28 v1.2l Refers to last page's name (HMM; JPG)
)
(/usr/share/texlive/texmf-dist/tex/latex/nomencl/nomencl.sty
Package: nomencl 2005/09/22 v4.2 Nomenclature package (LN)
\nomlabelwidth=\dimen116
\nom@tempdim=\dimen117
\nomitemsep=\skip51
)
(/usr/share/texlive/texmf-dist/tex/latex/listings/listings.sty
\lst@mode=\count103
\lst@gtempboxa=\box29
\lst@token=\toks22
\lst@length=\count104
\lst@currlwidth=\dimen118
\lst@column=\count105
\lst@pos=\count106
\lst@lostspace=\dimen119
\lst@width=\dimen120
\lst@newlines=\count107
\lst@lineno=\count108
\lst@maxwidth=\dimen121

(/usr/share/texlive/texmf-dist/tex/latex/listings/lstmisc.sty
File: lstmisc.sty 2014/09/06 1.5e (Carsten Heinz)
\c@lstnumber=\count109
\lst@skipnumbers=\count110
\lst@framebox=\box30
)
(/usr/share/texlive/texmf-dist/tex/latex/listings/listings.cfg
File: listings.cfg 2014/09/06 1.5e listings configuration
))
Package: listings 2014/09/06 1.5e (Carsten Heinz)

(/usr/share/texlive/texmf-dist/tex/latex/graphics/color.sty
Package: color 2014/04/23 v1.1a Standard LaTeX Color (DPC)

(/usr/share/texlive/texmf-dist/tex/latex/latexconfig/color.cfg
File: color.cfg 2007/01/18 v1.5 color configuration of teTeX/TeXLive
)
Package color Info: Driver file: pdftex.def on input line 137.
)
(/usr/share/texlive/texmf-dist/tex/latex/listings/lstlang1.sty
File: lstlang1.sty 2014/09/06 1.5e listings language file
)
(./masterarbeit.aux)
\openout1 = `masterarbeit.aux'.

LaTeX Font Info:    Checking defaults for OML/cmm/m/it on input line 73.
LaTeX Font Info:    ... okay on input line 73.
LaTeX Font Info:    Checking defaults for T1/cmr/m/n on input line 73.
LaTeX Font Info:    ... okay on input line 73.
LaTeX Font Info:    Checking defaults for OT1/cmr/m/n on input line 73.
LaTeX Font Info:    ... okay on input line 73.
LaTeX Font Info:    Checking defaults for OMS/cmsy/m/n on input line 73.
LaTeX Font Info:    ... okay on input line 73.
LaTeX Font Info:    Checking defaults for OMX/cmex/m/n on input line 73.
LaTeX Font Info:    ... okay on input line 73.
LaTeX Font Info:    Checking defaults for U/cmr/m/n on input line 73.
LaTeX Font Info:    ... okay on input line 73.

(/usr/share/texlive/texmf-dist/tex/context/base/supp-pdf.mkii
[Loading MPS to PDF converter (version 2006.09.02).]
\scratchcounter=\count111
\scratchdimen=\dimen122
\scratchbox=\box31
\nofMPsegments=\count112
\nofMParguments=\count113
\everyMPshowfont=\toks23
\MPscratchCnt=\count114
\MPscratchDim=\dimen123
\MPnumerator=\count115
\makeMPintoPDFobject=\count116
\everyMPtoPDFconversion=\toks24
) (/usr/share/texlive/texmf-dist/tex/generic/oberdiek/pdftexcmds.sty
Package: pdftexcmds 2011/11/29 v0.20 Utility functions of pdfTeX for LuaTeX (HO
)

(/usr/share/texlive/texmf-dist/tex/generic/oberdiek/ifluatex.sty
Package: ifluatex 2010/03/01 v1.3 Provides the ifluatex switch (HO)
Package ifluatex Info: LuaTeX not detected.
)
(/usr/share/texlive/texmf-dist/tex/generic/oberdiek/ifpdf.sty
Package: ifpdf 2011/01/30 v2.3 Provides the ifpdf switch (HO)
Package ifpdf Info: pdfTeX in PDF mode is detected.
)
Package pdftexcmds Info: LuaTeX not detected.
Package pdftexcmds Info: \pdf@primitive is available.
Package pdftexcmds Info: \pdf@ifprimitive is available.
Package pdftexcmds Info: \pdfdraftmode found.
)
(/usr/share/texlive/texmf-dist/tex/latex/oberdiek/epstopdf-base.sty
Package: epstopdf-base 2010/02/09 v2.5 Base part for package epstopdf

(/usr/share/texlive/texmf-dist/tex/latex/oberdiek/grfext.sty
Package: grfext 2010/08/19 v1.1 Manage graphics extensions (HO)

(/usr/share/texlive/texmf-dist/tex/generic/oberdiek/kvdefinekeys.sty
Package: kvdefinekeys 2011/04/07 v1.3 Define keys (HO)
))
(/usr/share/texlive/texmf-dist/tex/latex/oberdiek/kvoptions.sty
Package: kvoptions 2011/06/30 v3.11 Key value format for package options (HO)

(/usr/share/texlive/texmf-dist/tex/generic/oberdiek/kvsetkeys.sty
Package: kvsetkeys 2012/04/25 v1.16 Key value parser (HO)

(/usr/share/texlive/texmf-dist/tex/generic/oberdiek/etexcmds.sty
Package: etexcmds 2011/02/16 v1.5 Avoid name clashes with e-TeX commands (HO)
Package etexcmds Info: Could not find \expanded.
(etexcmds)             That can mean that you are not using pdfTeX 1.50 or
(etexcmds)             that some package has redefined \expanded.
(etexcmds)             In the latter case, load this package earlier.
)))
Package grfext Info: Graphics extension search list:
(grfext)             [.png,.pdf,.jpg,.mps,.jpeg,.jbig2,.jb2,.PNG,.PDF,.JPG,.JPE
G,.JBIG2,.JB2,.eps]
(grfext)             \AppendGraphicsExtensions on input line 452.

(/usr/share/texlive/texmf-dist/tex/latex/latexconfig/epstopdf-sys.cfg
File: epstopdf-sys.cfg 2010/07/13 v1.3 Configuration of (r)epstopdf for TeX Liv
e
))
Package lastpage Info: Please have a look at the pageslts package at
(lastpage)             http://www.ctan.org/tex-archive/ 
(lastpage)             macros/latex/contrib/pageslts/ 
(lastpage)             or
(lastpage)             http://www.ctan.org/tex-archive/ 
(lastpage)             install/macros/latex/contrib/pageslts.tds.zip
(lastpage)             ! on input line 73.
\c@lstlisting=\count117
LaTeX Font Info:    Try loading font information for U+msa on input line 81.

(/usr/share/texlive/texmf-dist/tex/latex/amsfonts/umsa.fd
File: umsa.fd 2013/01/14 v3.01 AMS symbols A
)
LaTeX Font Info:    Try loading font information for U+msb on input line 81.

(/usr/share/texlive/texmf-dist/tex/latex/amsfonts/umsb.fd
File: umsb.fd 2013/01/14 v3.01 AMS symbols B
) [1



{/var/lib/texmf/fonts/map/pdftex/updmap/pdftex.map}] (./masterarbeit.toc)
\tf@toc=\write3
\openout3 = `masterarbeit.toc'.

 [2

] (./masterarbeit.lof)
\tf@lof=\write4
\openout4 = `masterarbeit.lof'.

 [3

] (./masterarbeit.lot)
\tf@lot=\write5
\openout5 = `masterarbeit.lot'.

 [4

]
No file masterarbeit.nls.
Chapter 1.

Class scrbook Warning: \float@addtolists detected!
(scrbook)              Implementation of \float@addtolist became
(scrbook)              deprecated in KOMA-Script v3.01 2008/11/14 and
(scrbook)              has been replaced by more several more flexible
(scrbook)              features of package `tocbasic`.
(scrbook)              Since Version 3.12 support for deprecated
(scrbook)              \float@addtolist interface has been
(scrbook)              restricted to only some of the KOMA-Script
(scrbook)              features and been removed from others.
(scrbook)              Loading of package `scrhack' may help to
(scrbook)              avoid this warning, if you are using a
(scrbook)              a package that still implements the
(scrbook)              deprecated \float@addtolist interface .

[1



] [2]
Chapter 2.

Underfull \hbox (badness 10000) in paragraph at lines 108--110

 []


Underfull \hbox (badness 10000) in paragraph at lines 121--126

 []


Overfull \hbox (6.83215pt too wide) in paragraph at lines 121--126
\OT1/cmr/m/n/10.95 Simulation). Die Mo-ti-va-tion ist einen per-for-man-ten In-
te-gra-tor f^^?ur gebrochen-rationale
 []


Overfull \hbox (28.89986pt too wide) in paragraph at lines 121--126
\OML/cmm/m/it/10.95 ^^Nr[]\OT1/cmr/m/n/10.95 (\OML/cmm/m/it/10.95 t\OT1/cmr/m/n
/10.95 ) =\OML/cmm/m/it/10.95 < \OT1/cmr/m/n/10.95 ^^A\OML/cmm/m/it/10.95 R\OT1
/cmr/m/n/10.95 (\OML/cmm/m/it/10.95 t\OT1/cmr/m/n/10.95 )[] \OML/cmm/m/it/10.95
 >\OT1/cmr/m/n/10.95 = 2\OML/cmm/m/it/10.95 dDt$ \OT1/cmr/m/n/10.95 mit $\OML/c
mm/m/it/10.95 d \OT1/cmr/m/n/10.95 = []$, $\OML/cmm/m/it/10.95 D \OT1/cmr/m/n/1
0.95 = []$
 []

[3

]
Overfull \hbox (5.13052pt too wide) in paragraph at lines 130--133
\OT1/cmr/m/n/10.95 eine ex-po-nen-tielle Abh^^?angigkeit zur Zeit aufweist $\OM
L/cmm/m/it/10.95 ^^Nr[]\OT1/cmr/m/n/10.95 (\OML/cmm/m/it/10.95 t\OT1/cmr/m/n/10
.95 ) =\OML/cmm/m/it/10.95 < \OT1/cmr/m/n/10.95 ^^A\OML/cmm/m/it/10.95 R\OT1/cm
r/m/n/10.95 (\OML/cmm/m/it/10.95 t\OT1/cmr/m/n/10.95 )[] \OML/cmm/m/it/10.95 >\
OT1/cmr/m/n/10.95 = 2\OML/cmm/m/it/10.95 dK[]t[]$\OT1/cmr/m/n/10.95 .
 []

LaTeX Font Info:    Try loading font information for OMS+cmr on input line 137.

(/usr/share/texlive/texmf-dist/tex/latex/base/omscmr.fd
File: omscmr.fd 2014/09/29 v2.5h Standard LaTeX font definitions
)
LaTeX Font Info:    Font shape `OMS/cmr/m/n' in size <10.95> not available
(Font)              Font shape `OMS/cmsy/m/n' tried instead on input line 137.
 [4] [5]
Overfull \hbox (0.42691pt too wide) in paragraph at lines 177--179
$\OML/cmm/m/it/10.95 Z\OT1/cmr/m/n/10.95 (\OML/cmm/m/it/10.95 !\OT1/cmr/m/n/10.
95 )$ wurde durch die an-a-lytis-che Fouri-er-trans-for-ma-tion $\OML/cmm/m/it/
10.95 Z\OT1/cmr/m/n/10.95 (\OML/cmm/m/it/10.95 !\OT1/cmr/m/n/10.95 ) = [][] \OM
L/cmm/m/it/10.95 e[]Z\OT1/cmr/m/n/10.95 (\OML/cmm/m/it/10.95 t\OT1/cmr/m/n/10.9
5 )\OML/cmm/m/it/10.95 dt$
 []


Overfull \hbox (5.96019pt too wide) in paragraph at lines 182--183
[]\OT1/cmr/m/n/10.95 F^^?ur gebrochen-rationale Brown-is-chen Be-we-gung ist di
e Auto-Korrelations Funk-
 []


Overfull \hbox (1.07253pt too wide) in paragraph at lines 185--188
$\OT1/cmr/m/n/10.95 ^^A[]$ ist in dem Fall die zur^^?uck-gelegt Ent-fer-nung na
ch $2\OML/cmm/m/it/10.95 n$ \OT1/cmr/m/n/10.95 Zeitschrit-ten. Dadurch
 []


Overfull \hbox (1.30894pt too wide) in paragraph at lines 185--188
\OT1/cmr/m/n/10.95 w^^?urde das Teilchen nach $2\OML/cmm/m/it/10.95 n$ \OT1/cmr
/m/n/10.95 Schrit-ten wieder zur^^?uck an seinen Ur-sprung kehren.
 []


Overfull \hbox (10.82687pt too wide) in paragraph at lines 185--188
\OT1/cmr/m/n/10.95 Stattdessen wird Das Nullte Inkre-ment im Fre-quen-zraum fol
-gen-der-ma^^Yen berech-
 []

[6] <./msd_ensemble_alpha.pdf, id=56, 1734.48pt x 964.80452pt>
File: ./msd_ensemble_alpha.pdf Graphic file (type pdf)

<use ./msd_ensemble_alpha.pdf>
Package pdftex.def Info: ./msd_ensemble_alpha.pdf used on input line 208.
(pdftex.def)             Requested size: 398.33864pt x 221.57649pt.


LaTeX Warning: `h' float specifier changed to `ht'.

<./msd_ensemble_4000particles_log.pdf, id=57, 1734.48pt x 964.80452pt>
File: ./msd_ensemble_4000particles_log.pdf Graphic file (type pdf)

<use ./msd_ensemble_4000particles_log.pdf>
Package pdftex.def Info: ./msd_ensemble_4000particles_log.pdf used on input lin
e 216.
(pdftex.def)             Requested size: 398.33864pt x 221.57649pt.


LaTeX Warning: `h' float specifier changed to `ht'.

<./msd_ensemble_dt_nostd_lin.pdf, id=58, 1734.48pt x 964.80452pt>
File: ./msd_ensemble_dt_nostd_lin.pdf Graphic file (type pdf)

<use ./msd_ensemble_dt_nostd_lin.pdf>
Package pdftex.def Info: ./msd_ensemble_dt_nostd_lin.pdf used on input line 223
.
(pdftex.def)             Requested size: 398.33864pt x 221.57649pt.


LaTeX Warning: `h' float specifier changed to `ht'.

<./msd_time_ensemble_dt_lin.pdf, id=59, 1734.48pt x 964.80452pt>
File: ./msd_time_ensemble_dt_lin.pdf Graphic file (type pdf)

<use ./msd_time_ensemble_dt_lin.pdf>
Package pdftex.def Info: ./msd_time_ensemble_dt_lin.pdf used on input line 230.

(pdftex.def)             Requested size: 398.33864pt x 221.57649pt.


LaTeX Warning: `h' float specifier changed to `ht'.


<./non_gaussian_D=2_t=1001_dt=1_alpha=05particles_5000_std01.pdf, id=60, 1734.4
8pt x 993.7125pt>
File: ./non_gaussian_D=2_t=1001_dt=1_alpha=05particles_5000_std01.pdf Graphic f
ile (type pdf)

<use ./non_gaussian_D=2_t=1001_dt=1_alpha=05particles_5000_std01.pdf>
Package pdftex.def Info: ./non_gaussian_D=2_t=1001_dt=1_alpha=05particles_5000_
std01.pdf used on input line 237.
(pdftex.def)             Requested size: 398.33864pt x 228.21548pt.


LaTeX Warning: `h' float specifier changed to `ht'.

<./msd_ensemble_t_inverted.pdf, id=61, 1734.48pt x 964.80452pt>
File: ./msd_ensemble_t_inverted.pdf Graphic file (type pdf)

<use ./msd_ensemble_t_inverted.pdf>
Package pdftex.def Info: ./msd_ensemble_t_inverted.pdf used on input line 244.
(pdftex.def)             Requested size: 398.33864pt x 221.57649pt.


LaTeX Warning: `h' float specifier changed to `ht'.

<./rescaled_function.pdf, id=62, 1734.48pt x 993.7125pt>
File: ./rescaled_function.pdf Graphic file (type pdf)

<use ./rescaled_function.pdf>
Package pdftex.def Info: ./rescaled_function.pdf used on input line 251.
(pdftex.def)             Requested size: 398.33864pt x 228.21548pt.


LaTeX Warning: `h' float specifier changed to `ht'.

<./dt_variert_bei_factor_1_lin.pdf, id=63, 1734.48pt x 964.80452pt>
File: ./dt_variert_bei_factor_1_lin.pdf Graphic file (type pdf)

<use ./dt_variert_bei_factor_1_lin.pdf>
Package pdftex.def Info: ./dt_variert_bei_factor_1_lin.pdf used on input line 2
58.
(pdftex.def)             Requested size: 398.33864pt x 221.57649pt.


LaTeX Warning: `h' float specifier changed to `ht'.

<./dt_variert_bei_factor_1_log.pdf, id=64, 1734.48pt x 964.80452pt>
File: ./dt_variert_bei_factor_1_log.pdf Graphic file (type pdf)

<use ./dt_variert_bei_factor_1_log.pdf>
Package pdftex.def Info: ./dt_variert_bei_factor_1_log.pdf used on input line 2
65.
(pdftex.def)             Requested size: 398.33864pt x 221.57649pt.


LaTeX Warning: `h' float specifier changed to `ht'.

<./faktor_variert_bei_dt_1_lin.pdf, id=65, 1734.48pt x 964.80452pt>
File: ./faktor_variert_bei_dt_1_lin.pdf Graphic file (type pdf)

<use ./faktor_variert_bei_dt_1_lin.pdf>
Package pdftex.def Info: ./faktor_variert_bei_dt_1_lin.pdf used on input line 2
72.
(pdftex.def)             Requested size: 398.33864pt x 221.57649pt.


LaTeX Warning: `h' float specifier changed to `ht'.

<./faktor_variert_bei_dt_1_log.pdf, id=66, 1734.48pt x 964.80452pt>
File: ./faktor_variert_bei_dt_1_log.pdf Graphic file (type pdf)

<use ./faktor_variert_bei_dt_1_log.pdf>
Package pdftex.def Info: ./faktor_variert_bei_dt_1_log.pdf used on input line 2
79.
(pdftex.def)             Requested size: 398.33864pt x 221.57649pt.


LaTeX Warning: `h' float specifier changed to `ht'.

[7] [8 <./msd_ensemble_alpha.pdf> <./msd_ensemble_4000particles_log.pdf

pdfTeX warning: /usr/bin/pdflatex (file ./msd_ensemble_4000particles_log.pdf): 
PDF inclusion: multiple pdfs with page group included in a single page
>] [9 <./msd_ensemble_dt_nostd_lin.pdf>] [10 <./msd_time_ensemble_dt_lin.pdf>]
[11 <./non_gaussian_D=2_t=1001_dt=1_alpha=05particles_5000_std01.pdf>] [12 <./m
sd_ensemble_t_inverted.pdf>] [13 <./rescaled_function.pdf> <./dt_variert_bei_fa
ctor_1_lin.pdf

pdfTeX warning: /usr/bin/pdflatex (file ./dt_variert_bei_factor_1_lin.pdf): PDF
 inclusion: multiple pdfs with page group included in a single page
>] [14 <./dt_variert_bei_factor_1_log.pdf> <./faktor_variert_bei_dt_1_lin.pdf

pdfTeX warning: /usr/bin/pdflatex (file ./faktor_variert_bei_dt_1_lin.pdf): PDF
 inclusion: multiple pdfs with page group included in a single page
>] [15 <./faktor_variert_bei_dt_1_log.pdf>]
Chapter 3.
[16

]
Chapter 4.
(/usr/share/texlive/texmf-dist/tex/latex/listings/lstlang1.sty
File: lstlang1.sty 2014/09/06 1.5e listings language file
)
(../simulation.py
LaTeX Font Info:    Font shape `OMS/cmr/m/n' in size <9> not available
(Font)              Font shape `OMS/cmsy/m/n' tried instead on input line 1.


! Package inputenc Error: Unicode char \u8:√\expandafter not set up for use wit
h LaTeX.

See the inputenc package documentation for explanation.
Type  H <return>  for immediate help.
 ...                                              
                                                  
l.32 ... Frequenzraum welche auf die gew√∂hnliche 
                                                  diffusion angewendet wird.
Your command was ignored.
Type  I <command> <return>  to replace it with another command,
or  <return>  to continue without it.


! Package inputenc Error: Keyboard character used is undefined
(inputenc)                in inputencoding `utf8'.

See the inputenc package documentation for explanation.
Type  H <return>  for immediate help.
 ...                                              
                                                  
l.32 ... Frequenzraum welche auf die gew√∂hnliche 
                                                  diffusion angewendet wird.
You need to provide a definition with \DeclareInputText 
or \DeclareInputMath before using this key.

[17

]

! Package inputenc Error: Unicode char \u8:√\expandafter not set up for use wit
h LaTeX.

See the inputenc package documentation for explanation.
Type  H <return>  for immediate help.
 ...                                              
                                                  
l.44         :param length: L√§nge 
                                   der Trajektorien, welche simuliert werden...

Your command was ignored.
Type  I <command> <return>  to replace it with another command,
or  <return>  to continue without it.


! Package inputenc Error: Keyboard character used is undefined
(inputenc)                in inputencoding `utf8'.

See the inputenc package documentation for explanation.
Type  H <return>  for immediate help.
 ...                                              
                                                  
l.44         :param length: L√§nge 
                                   der Trajektorien, welche simuliert werden...

You need to provide a definition with \DeclareInputText 
or \DeclareInputMath before using this key.


! Package inputenc Error: Unicode char \u8:√\expandafter not set up for use wit
h LaTeX.

See the inputenc package documentation for explanation.
Type  H <return>  for immediate help.
 ...                                              
                                                  
l.67 ...=self.ki)) #todo mit matrix.shape k√∂nnen 
                                                  man eine zuf√§llige vertei...

Your command was ignored.
Type  I <command> <return>  to replace it with another command,
or  <return>  to continue without it.


! Package inputenc Error: Keyboard character used is undefined
(inputenc)                in inputencoding `utf8'.

See the inputenc package documentation for explanation.
Type  H <return>  for immediate help.
 ...                                              
                                                  
l.67 ...=self.ki)) #todo mit matrix.shape k√∂nnen 
                                                  man eine zuf√§llige vertei...

You need to provide a definition with \DeclareInputText 
or \DeclareInputMath before using this key.


! Package inputenc Error: Unicode char \u8:√\expandafter not set up for use wit
h LaTeX.

See the inputenc package documentation for explanation.
Type  H <return>  for immediate help.
 ...                                              
                                                  
l.67 ... matrix.shape k√∂nnen man eine zuf√§llige 
                                                  verteilung von allen daten...

Your command was ignored.
Type  I <command> <return>  to replace it with another command,
or  <return>  to continue without it.


! Package inputenc Error: Keyboard character used is undefined
(inputenc)                in inputencoding `utf8'.

See the inputenc package documentation for explanation.
Type  H <return>  for immediate help.
 ...                                              
                                                  
l.67 ... matrix.shape k√∂nnen man eine zuf√§llige 
                                                  verteilung von allen daten...

You need to provide a definition with \DeclareInputText 
or \DeclareInputMath before using this key.

[18]

! Package inputenc Error: Unicode char \u8:√\expandafter not set up for use wit
h LaTeX.

See the inputenc package documentation for explanation.
Type  H <return>  for immediate help.
 ...                                              
                                                  
l.75 ...t bei anomaler Diffusion in Abh√§ngigkeit 
                                                  von der zeit
Your command was ignored.
Type  I <command> <return>  to replace it with another command,
or  <return>  to continue without it.


! Package inputenc Error: Keyboard character used is undefined
(inputenc)                in inputencoding `utf8'.

See the inputenc package documentation for explanation.
Type  H <return>  for immediate help.
 ...                                              
                                                  
l.75 ...t bei anomaler Diffusion in Abh√§ngigkeit 
                                                  von der zeit
You need to provide a definition with \DeclareInputText 
or \DeclareInputMath before using this key.


! Package inputenc Error: Unicode char \u8:√\expandafter not set up for use wit
h LaTeX.

See the inputenc package documentation for explanation.
Type  H <return>  for immediate help.
 ...                                              
                                                  
l.77 ...t bei anomaler Diffusion in Abh√§ngigkeit 
                                                  von der zeit
Your command was ignored.
Type  I <command> <return>  to replace it with another command,
or  <return>  to continue without it.


! Package inputenc Error: Keyboard character used is undefined
(inputenc)                in inputencoding `utf8'.

See the inputenc package documentation for explanation.
Type  H <return>  for immediate help.
 ...                                              
                                                  
l.77 ...t bei anomaler Diffusion in Abh√§ngigkeit 
                                                  von der zeit
You need to provide a definition with \DeclareInputText 
or \DeclareInputMath before using this key.


! Package inputenc Error: Unicode char \u8:√\expandafter not set up for use wit
h LaTeX.

See the inputenc package documentation for explanation.
Type  H <return>  for immediate help.
 ...                                              
                                                  
l.78 ...# Trajektorie bei anomaler Diffusion f√ºr 
                                                  alle teilchen
Your command was ignored.
Type  I <command> <return>  to replace it with another command,
or  <return>  to continue without it.


! Package inputenc Error: Keyboard character used is undefined
(inputenc)                in inputencoding `utf8'.

See the inputenc package documentation for explanation.
Type  H <return>  for immediate help.
 ...                                              
                                                  
l.78 ...# Trajektorie bei anomaler Diffusion f√ºr 
                                                  alle teilchen
You need to provide a definition with \DeclareInputText 
or \DeclareInputMath before using this key.

)
\@nomenclaturefile=\write6
\openout6 = `masterarbeit.nlo'.


Writing nomenclature file masterarbeit.nlo
\@nomenclaturefile=\write7
\openout7 = `masterarbeit.nlo'.

Writing nomenclature file masterarbeit.nlo
(./masterarbeit.bbl [19]) 
AED: lastpage setting LastPage
[20

] (./masterarbeit.aux)

LaTeX Warning: Label(s) may have changed. Rerun to get cross-references right.

 ) 
Here is how much of TeX's memory you used:
 6919 strings out of 493105
 98126 string characters out of 6137071
 501433 words of memory out of 5000000
 10216 multiletter control sequences out of 15000+600000
 16332 words of font info for 60 fonts, out of 8000000 for 9000
 1141 hyphenation exceptions out of 8191
 47i,13n,59p,1545b,1926s stack positions out of 5000i,500n,10000p,200000b,80000s
</usr/share/texlive/texmf-dist/fonts/type1/public/amsfonts/cm/cmbsy10.pfb></u
sr/share/texlive/texmf-dist/fonts/type1/public/amsfonts/cm/cmbx10.pfb></usr/sha
re/texlive/texmf-dist/fonts/type1/public/amsfonts/cm/cmbx12.pfb></usr/share/tex
live/texmf-dist/fonts/type1/public/amsfonts/cm/cmbx6.pfb></usr/share/texlive/te
xmf-dist/fonts/type1/public/amsfonts/cm/cmbx8.pfb></usr/share/texlive/texmf-dis
t/fonts/type1/public/amsfonts/cm/cmex10.pfb></usr/share/texlive/texmf-dist/font
s/type1/public/amsfonts/cm/cmmi10.pfb></usr/share/texlive/texmf-dist/fonts/type
1/public/amsfonts/cm/cmmi6.pfb></usr/share/texlive/texmf-dist/fonts/type1/publi
c/amsfonts/cm/cmmi8.pfb></usr/share/texlive/texmf-dist/fonts/type1/public/amsfo
nts/cm/cmmib10.pfb></usr/share/texlive/texmf-dist/fonts/type1/public/amsfonts/c
mextra/cmmib6.pfb></usr/share/texlive/texmf-dist/fonts/type1/public/amsfonts/cm
extra/cmmib8.pfb></usr/share/texlive/texmf-dist/fonts/type1/public/amsfonts/cm/
cmr10.pfb></usr/share/texlive/texmf-dist/fonts/type1/public/amsfonts/cm/cmr12.p
fb></usr/share/texlive/texmf-dist/fonts/type1/public/amsfonts/cm/cmr6.pfb></usr
/share/texlive/texmf-dist/fonts/type1/public/amsfonts/cm/cmr8.pfb></usr/share/t
exlive/texmf-dist/fonts/type1/public/amsfonts/cm/cmr9.pfb></usr/share/texlive/t
exmf-dist/fonts/type1/public/amsfonts/cm/cmsl10.pfb></usr/share/texlive/texmf-d
ist/fonts/type1/public/amsfonts/cm/cmssbx10.pfb></usr/share/texlive/texmf-dist/
fonts/type1/public/amsfonts/cm/cmsy10.pfb></usr/share/texlive/texmf-dist/fonts/
type1/public/amsfonts/cm/cmsy6.pfb></usr/share/texlive/texmf-dist/fonts/type1/p
ublic/amsfonts/cm/cmsy8.pfb></usr/share/texlive/texmf-dist/fonts/type1/public/a
msfonts/cm/cmsy9.pfb></usr/share/texlive/texmf-dist/fonts/type1/public/amsfonts
/cm/cmti10.pfb></usr/share/texlive/texmf-dist/fonts/type1/public/amsfonts/symbo
ls/msbm10.pfb>
Output written on masterarbeit.pdf (24 pages, 6610722 bytes).
PDF statistics:
 1767 PDF objects out of 2073 (max. 8388607)
 284 compressed objects within 3 object streams
 0 named destinations out of 1000 (max. 500000)
 56 words of extra memory for PDF output out of 10000 (max. 10000000)

