\BOOKMARK [0][-]{chapter.1}{Motivation}{}% 1
\BOOKMARK [0][-]{chapter.2}{Theory}{}% 2
\BOOKMARK [1][-]{section.2.1}{Basics}{chapter.2}% 3
\BOOKMARK [1][-]{section.2.2}{Brownian motion}{chapter.2}% 4
\BOOKMARK [1][-]{section.2.3}{Fractional Brownian Motion}{chapter.2}% 5
\BOOKMARK [2][-]{subsection.2.3.1}{Algorithm}{section.2.3}% 6
\BOOKMARK [0][-]{chapter.3}{Reactions-Diffusion-Dynamics}{}% 7
\BOOKMARK [1][-]{section.3.1}{Theory}{chapter.3}% 8
\BOOKMARK [2][-]{subsection.3.1.1}{Diffusion-controlled Reactions for Brownian Motion}{section.3.1}% 9
\BOOKMARK [2][-]{subsection.3.1.2}{Diffusion-controlled Reactions for Fractional Brownian Motion}{section.3.1}% 10
\BOOKMARK [1][-]{section.3.2}{Simulation}{chapter.3}% 11
\BOOKMARK [0][-]{chapter.4}{Outlook}{}% 12
\BOOKMARK [0][-]{chapter.5}{Appendix}{}% 13
\BOOKMARK [1][-]{section.5.1}{From Central Limit Theorem to Gaussian Distribution}{chapter.5}% 14
\BOOKMARK [1][-]{section.5.2}{From Gaussian Distribution to Gaussian Transition Probability}{chapter.5}% 15
\BOOKMARK [1][-]{section.5.3}{Einstein Formula}{chapter.5}% 16
\BOOKMARK [1][-]{section.5.4}{Autocorrelation Function for fBm}{chapter.5}% 17
\BOOKMARK [1][-]{section.5.5}{Kinetics of the Bi-Molecular Chemical Reaction in Solution}{chapter.5}% 18
\BOOKMARK [1][-]{section.5.6}{Michaelis-Menten Kinetics}{chapter.5}% 19
\BOOKMARK [1][-]{section.5.7}{From Diffusion to Mass action}{chapter.5}% 20
\BOOKMARK [0][-]{chapter*.10}{Bibliography}{}% 21
